<?xml version="1.0" encoding="UTF-8"?>
<TestRun id="14984ea6-4f34-4fb4-9743-6b2c48be3fe2" name="sandip@DELL 2015-08-20 11:19:04" runUser="Dell\sandip" xmlns="http://microsoft.com/schemas/VisualStudio/TeamTest/2010">
  <TestSettings name="Default Test Settings" id="11173f70-59e2-4986-a689-a0821ac91fad">
    <Deployment runDeploymentRoot="sandip_DELL 2015-08-20 11_19_04">
      <DeploymentItem filename="F:\Works\TheRestaurant\Working\packages\Microsoft.AspNet.WebPages.2.0.20710.0\lib\net40\System.Web.Helpers.dll" />
      <DeploymentItem filename="F:\Works\TheRestaurant\Working\packages\Microsoft.Net.Http.2.0.20710.0\lib\net40\System.Net.Http.dll" />
      <DeploymentItem filename="F:\Works\TheRestaurant\Working\packages\Microsoft.AspNet.WebPages.2.0.20710.0\lib\net40\System.Web.WebPages.dll" />
      <DeploymentItem filename="F:\Works\TheRestaurant\Working\packages\Microsoft.Net.Http.2.0.20710.0\lib\net40\System.Net.Http.WebRequest.dll" />
      <DeploymentItem filename="F:\Works\TheRestaurant\Working\packages\Newtonsoft.Json.4.5.6\lib\net40\Newtonsoft.Json.dll" />
      <DeploymentItem filename="F:\Works\TheRestaurant\Working\packages\Microsoft.AspNet.Razor.2.0.20710.0\lib\net40\System.Web.Razor.dll" />
      <DeploymentItem filename="F:\Works\TheRestaurant\Working\packages\Microsoft.AspNet.WebPages.2.0.20710.0\lib\net40\System.Web.WebPages.Razor.dll" />
      <DeploymentItem filename="F:\Works\TheRestaurant\Working\packages\Microsoft.AspNet.WebPages.2.0.20710.0\lib\net40\System.Web.WebPages.Deployment.dll" />
      <DeploymentItem filename="F:\Works\TheRestaurant\Working\TheRestaurant\bin\TheRestaurant.dll" />
      <DeploymentItem filename="F:\Works\TheRestaurant\Working\packages\Microsoft.Web.Infrastructure.1.0.0.0\lib\net40\Microsoft.Web.Infrastructure.dll" />
      <DeploymentItem filename="F:\Works\TheRestaurant\Working\packages\Microsoft.AspNet.Mvc.4.0.20710.0\lib\net40\System.Web.Mvc.dll" />
    </Deployment>
    <Execution>
      <TestTypeSpecific />
      <AgentRule name="Execution Agents">
      </AgentRule>
    </Execution>
  </TestSettings>
  <Times creation="2015-08-20T11:19:04.9180317+10:00" queuing="2015-08-20T11:19:11.4549680+10:00" start="2015-08-20T11:19:11.8162251+10:00" finish="2015-08-20T11:19:15.7245978+10:00" />
  <ResultSummary outcome="Warning">
    <Counters total="1" executed="1" passed="1" error="0" failed="0" timeout="0" aborted="0" inconclusive="0" passedButRunAborted="0" notRunnable="0" notExecuted="0" disconnected="0" warning="0" completed="0" inProgress="0" pending="0" />
    <RunInfos>
      <RunInfo computerName="DELL" outcome="Warning" timestamp="2015-08-20T11:19:11.3687445+10:00">
        <Text>Warning: Test Run deployment issue: The assembly or module 'log4net' directly or indirectly referenced by the test container 'f:\works\therestaurant\working\therestaurant.tests\bin\debug\therestaurant.tests.dll' was not found.</Text>
      </RunInfo>
      <RunInfo computerName="DELL" outcome="Warning" timestamp="2015-08-20T11:19:11.3687445+10:00">
        <Text>Warning: Test Run deployment issue: The assembly or module 'Org.Mentalis.Security.Cryptography' directly or indirectly referenced by the test container 'f:\works\therestaurant\working\therestaurant.tests\bin\debug\therestaurant.tests.dll' was not found.</Text>
      </RunInfo>
    </RunInfos>
  </ResultSummary>
  <TestDefinitions>
    <UnitTest name="Index" storage="f:\works\therestaurant\working\therestaurant.tests\bin\debug\therestaurant.tests.dll" id="1b780ad4-7f6c-fe53-0193-0275e24b5cbc">
      <Execution id="c27ef8be-edeb-4602-9c30-d010ba7e2a66" />
      <TestMethod codeBase="F:/Works/TheRestaurant/Working/TheRestaurant.Tests/bin/Debug/TheRestaurant.Tests.DLL" adapterTypeName="Microsoft.VisualStudio.TestTools.TestTypes.Unit.UnitTestAdapter, Microsoft.VisualStudio.QualityTools.Tips.UnitTest.Adapter, Version=10.0.0.0, Culture=neutral, PublicKeyToken=b03f5f7f11d50a3a" className="TheRestaurant.Tests.Controllers.HomeControllerTest, TheRestaurant.Tests, Version=1.0.0.0, Culture=neutral, PublicKeyToken=null" name="Index" />
    </UnitTest>
  </TestDefinitions>
  <TestLists>
    <TestList name="Results Not in a List" id="8c84fa94-04c1-424b-9868-57a2d4851a1d" />
    <TestList name="All Loaded Results" id="19431567-8539-422a-85d7-44ee4e166bda" />
  </TestLists>
  <TestEntries>
    <TestEntry testId="1b780ad4-7f6c-fe53-0193-0275e24b5cbc" executionId="c27ef8be-edeb-4602-9c30-d010ba7e2a66" testListId="8c84fa94-04c1-424b-9868-57a2d4851a1d" />
  </TestEntries>
  <Results>
    <UnitTestResult executionId="c27ef8be-edeb-4602-9c30-d010ba7e2a66" testId="1b780ad4-7f6c-fe53-0193-0275e24b5cbc" testName="Index" computerName="DELL" duration="00:00:00.8778572" startTime="2015-08-20T11:19:12.0233756+10:00" endTime="2015-08-20T11:19:15.5388695+10:00" testType="13cdc9d9-ddb5-4fa4-a97d-d965ccfc6d4b" outcome="Passed" testListId="8c84fa94-04c1-424b-9868-57a2d4851a1d" relativeResultsDirectory="c27ef8be-edeb-4602-9c30-d010ba7e2a66">
    </UnitTestResult>
  </Results>
</TestRun>