<?xml version="1.0" encoding="UTF-8"?>
<TestRun id="3e181eb9-f48d-4733-959a-e0e2b4d14465" name="sandip@DELL 2015-08-20 09:26:59" runUser="Dell\sandip" xmlns="http://microsoft.com/schemas/VisualStudio/TeamTest/2010">
  <TestSettings name="Default Test Settings" id="e07ba3ac-e499-40ee-9838-319eb0fe69a8">
    <Deployment runDeploymentRoot="sandip_DELL 2015-08-20 09_26_59">
      <DeploymentItem filename="F:\Works\TheRestaurant\Working\packages\Microsoft.AspNet.WebPages.2.0.20710.0\lib\net40\System.Web.Helpers.dll" />
      <DeploymentItem filename="F:\Works\TheRestaurant\Working\packages\Microsoft.Net.Http.2.0.20710.0\lib\net40\System.Net.Http.dll" />
      <DeploymentItem filename="F:\Works\TheRestaurant\Working\packages\Microsoft.AspNet.WebPages.2.0.20710.0\lib\net40\System.Web.WebPages.dll" />
      <DeploymentItem filename="F:\Works\TheRestaurant\Working\packages\Microsoft.Net.Http.2.0.20710.0\lib\net40\System.Net.Http.WebRequest.dll" />
      <DeploymentItem filename="F:\Works\TheRestaurant\Working\packages\Newtonsoft.Json.4.5.6\lib\net40\Newtonsoft.Json.dll" />
      <DeploymentItem filename="F:\Works\TheRestaurant\Working\packages\Microsoft.AspNet.Razor.2.0.20710.0\lib\net40\System.Web.Razor.dll" />
      <DeploymentItem filename="F:\Works\TheRestaurant\Working\packages\Microsoft.AspNet.WebPages.2.0.20710.0\lib\net40\System.Web.WebPages.Razor.dll" />
      <DeploymentItem filename="F:\Works\TheRestaurant\Working\packages\Microsoft.AspNet.WebPages.2.0.20710.0\lib\net40\System.Web.WebPages.Deployment.dll" />
      <DeploymentItem filename="F:\Works\TheRestaurant\Working\TheRestaurant\bin\TheRestaurant.dll" />
      <DeploymentItem filename="F:\Works\TheRestaurant\Working\packages\Microsoft.Web.Infrastructure.1.0.0.0\lib\net40\Microsoft.Web.Infrastructure.dll" />
      <DeploymentItem filename="F:\Works\TheRestaurant\Working\packages\Microsoft.AspNet.Mvc.4.0.20710.0\lib\net40\System.Web.Mvc.dll" />
    </Deployment>
    <Execution>
      <TestTypeSpecific />
      <AgentRule name="Execution Agents">
      </AgentRule>
    </Execution>
  </TestSettings>
  <Times creation="2015-08-20T09:26:59.3304702+10:00" queuing="2015-08-20T09:27:02.1879405+10:00" start="2015-08-20T09:27:02.5411910+10:00" finish="2015-08-20T09:27:05.9089124+10:00" />
  <ResultSummary outcome="Warning">
    <Counters total="1" executed="1" passed="1" error="0" failed="0" timeout="0" aborted="0" inconclusive="0" passedButRunAborted="0" notRunnable="0" notExecuted="0" disconnected="0" warning="0" completed="0" inProgress="0" pending="0" />
    <RunInfos>
      <RunInfo computerName="DELL" outcome="Warning" timestamp="2015-08-20T09:27:00.4386972+10:00">
        <Text>Warning: Test Run deployment issue: The assembly or module 'log4net' directly or indirectly referenced by the test container 'f:\works\therestaurant\working\therestaurant.tests\bin\debug\therestaurant.tests.dll' was not found.</Text>
      </RunInfo>
      <RunInfo computerName="DELL" outcome="Warning" timestamp="2015-08-20T09:27:00.4386972+10:00">
        <Text>Warning: Test Run deployment issue: The assembly or module 'Org.Mentalis.Security.Cryptography' directly or indirectly referenced by the test container 'f:\works\therestaurant\working\therestaurant.tests\bin\debug\therestaurant.tests.dll' was not found.</Text>
      </RunInfo>
    </RunInfos>
  </ResultSummary>
  <TestDefinitions>
    <UnitTest name="Computes_Result_For_One_Review" storage="f:\works\therestaurant\working\therestaurant.tests\bin\debug\therestaurant.tests.dll" id="877a5270-be58-5a32-89f4-69bb731a2afb">
      <Execution id="9125e3d4-30ce-49e3-94ee-18787eab69b2" />
      <TestMethod codeBase="F:/Works/TheRestaurant/Working/TheRestaurant.Tests/bin/Debug/TheRestaurant.Tests.DLL" adapterTypeName="Microsoft.VisualStudio.TestTools.TestTypes.Unit.UnitTestAdapter, Microsoft.VisualStudio.QualityTools.Tips.UnitTest.Adapter, Version=10.0.0.0, Culture=neutral, PublicKeyToken=b03f5f7f11d50a3a" className="TheRestaurant.Tests.Features.UnitTest1, TheRestaurant.Tests, Version=1.0.0.0, Culture=neutral, PublicKeyToken=null" name="Computes_Result_For_One_Review" />
    </UnitTest>
  </TestDefinitions>
  <TestLists>
    <TestList name="Results Not in a List" id="8c84fa94-04c1-424b-9868-57a2d4851a1d" />
    <TestList name="All Loaded Results" id="19431567-8539-422a-85d7-44ee4e166bda" />
  </TestLists>
  <TestEntries>
    <TestEntry testId="877a5270-be58-5a32-89f4-69bb731a2afb" executionId="9125e3d4-30ce-49e3-94ee-18787eab69b2" testListId="8c84fa94-04c1-424b-9868-57a2d4851a1d" />
  </TestEntries>
  <Results>
    <UnitTestResult executionId="9125e3d4-30ce-49e3-94ee-18787eab69b2" testId="877a5270-be58-5a32-89f4-69bb731a2afb" testName="Computes_Result_For_One_Review" computerName="DELL" duration="00:00:00.2008807" startTime="2015-08-20T09:27:03.0075284+10:00" endTime="2015-08-20T09:27:05.7958316+10:00" testType="13cdc9d9-ddb5-4fa4-a97d-d965ccfc6d4b" outcome="Passed" testListId="8c84fa94-04c1-424b-9868-57a2d4851a1d" relativeResultsDirectory="9125e3d4-30ce-49e3-94ee-18787eab69b2">
    </UnitTestResult>
  </Results>
</TestRun>