<?xml version="1.0" encoding="UTF-8"?>
<TestRun id="6f298762-148a-43f5-b2cc-191c3ae2d2c0" name="sandip@DELL 2015-08-20 11:25:01" runUser="Dell\sandip" xmlns="http://microsoft.com/schemas/VisualStudio/TeamTest/2010">
  <TestSettings name="Default Test Settings" id="5921e664-6cba-4c1b-bf5a-e6a3352da750">
    <Deployment userDeploymentRoot="F:\Works\TheRestaurant\Working\TestResults" useDefaultDeploymentRoot="false" runDeploymentRoot="sandip_DELL 2015-08-20 11_25_01">
      <DeploymentItem filename="F:\Works\TheRestaurant\Working\packages\Microsoft.AspNet.WebPages.2.0.20710.0\lib\net40\System.Web.Helpers.dll" />
      <DeploymentItem filename="F:\Works\TheRestaurant\Working\packages\Microsoft.Net.Http.2.0.20710.0\lib\net40\System.Net.Http.dll" />
      <DeploymentItem filename="F:\Works\TheRestaurant\Working\packages\Microsoft.AspNet.WebPages.2.0.20710.0\lib\net40\System.Web.WebPages.dll" />
      <DeploymentItem filename="F:\Works\TheRestaurant\Working\packages\Microsoft.Net.Http.2.0.20710.0\lib\net40\System.Net.Http.WebRequest.dll" />
      <DeploymentItem filename="F:\Works\TheRestaurant\Working\packages\Newtonsoft.Json.4.5.6\lib\net40\Newtonsoft.Json.dll" />
      <DeploymentItem filename="F:\Works\TheRestaurant\Working\packages\Microsoft.AspNet.Razor.2.0.20710.0\lib\net40\System.Web.Razor.dll" />
      <DeploymentItem filename="F:\Works\TheRestaurant\Working\packages\Microsoft.AspNet.Mvc.4.0.20710.0\lib\net40\System.Web.Mvc.dll" />
      <DeploymentItem filename="F:\Works\TheRestaurant\Working\packages\Microsoft.AspNet.WebPages.2.0.20710.0\lib\net40\System.Web.WebPages.Deployment.dll" />
      <DeploymentItem filename="F:\Works\TheRestaurant\Working\TheRestaurant\bin\TheRestaurant.dll" />
      <DeploymentItem filename="F:\Works\TheRestaurant\Working\packages\Microsoft.Web.Infrastructure.1.0.0.0\lib\net40\Microsoft.Web.Infrastructure.dll" />
      <DeploymentItem filename="F:\Works\TheRestaurant\Working\packages\Microsoft.AspNet.WebPages.2.0.20710.0\lib\net40\System.Web.WebPages.Razor.dll" />
    </Deployment>
    <Execution>
      <TestTypeSpecific />
      <AgentRule name="Execution Agents">
      </AgentRule>
    </Execution>
  </TestSettings>
  <Times creation="2015-08-20T11:25:01.5694372+10:00" queuing="2015-08-20T11:25:02.5881516+10:00" start="2015-08-20T11:25:02.6071610+10:00" finish="2015-08-20T11:25:03.9071279+10:00" />
  <ResultSummary outcome="Failed">
    <Counters total="1" executed="1" error="0" failed="1" timeout="0" aborted="0" inconclusive="0" passedButRunAborted="0" notRunnable="0" notExecuted="0" disconnected="0" warning="0" passed="0" completed="0" inProgress="0" pending="0" />
    <RunInfos>
      <RunInfo computerName="DELL" outcome="Warning" timestamp="2015-08-20T11:25:02.5881516+10:00">
        <Text>Warning: Test Run deployment issue: The assembly or module 'log4net' directly or indirectly referenced by the test container 'f:\works\therestaurant\working\therestaurant.tests\bin\debug\therestaurant.tests.dll' was not found.</Text>
      </RunInfo>
      <RunInfo computerName="DELL" outcome="Warning" timestamp="2015-08-20T11:25:02.5881516+10:00">
        <Text>Warning: Test Run deployment issue: The assembly or module 'Org.Mentalis.Security.Cryptography' directly or indirectly referenced by the test container 'f:\works\therestaurant\working\therestaurant.tests\bin\debug\therestaurant.tests.dll' was not found.</Text>
      </RunInfo>
    </RunInfos>
  </ResultSummary>
  <TestDefinitions>
    <UnitTest name="Index" storage="f:\works\therestaurant\working\therestaurant.tests\bin\debug\therestaurant.tests.dll" id="1b780ad4-7f6c-fe53-0193-0275e24b5cbc">
      <Execution id="a093c12a-5d9d-496f-a64b-d46b7b2eb6c6" />
      <TestMethod codeBase="F:/Works/TheRestaurant/Working/TheRestaurant.Tests/bin/Debug/TheRestaurant.Tests.DLL" adapterTypeName="Microsoft.VisualStudio.TestTools.TestTypes.Unit.UnitTestAdapter, Microsoft.VisualStudio.QualityTools.Tips.UnitTest.Adapter, Version=10.0.0.0, Culture=neutral, PublicKeyToken=b03f5f7f11d50a3a" className="TheRestaurant.Tests.Controllers.HomeControllerTest, TheRestaurant.Tests, Version=1.0.0.0, Culture=neutral, PublicKeyToken=null" name="Index" />
    </UnitTest>
  </TestDefinitions>
  <TestLists>
    <TestList name="Results Not in a List" id="8c84fa94-04c1-424b-9868-57a2d4851a1d" />
    <TestList name="All Loaded Results" id="19431567-8539-422a-85d7-44ee4e166bda" />
  </TestLists>
  <TestEntries>
    <TestEntry testId="1b780ad4-7f6c-fe53-0193-0275e24b5cbc" executionId="a093c12a-5d9d-496f-a64b-d46b7b2eb6c6" testListId="8c84fa94-04c1-424b-9868-57a2d4851a1d" />
  </TestEntries>
  <Results>
    <UnitTestResult executionId="a093c12a-5d9d-496f-a64b-d46b7b2eb6c6" testId="1b780ad4-7f6c-fe53-0193-0275e24b5cbc" testName="Index" computerName="DELL" duration="00:00:00.3297998" startTime="2015-08-20T11:25:02.6171667+10:00" endTime="2015-08-20T11:25:03.7650260+10:00" testType="13cdc9d9-ddb5-4fa4-a97d-d965ccfc6d4b" outcome="Failed" testListId="8c84fa94-04c1-424b-9868-57a2d4851a1d" relativeResultsDirectory="a093c12a-5d9d-496f-a64b-d46b7b2eb6c6">
      <Output>
        <ErrorInfo>
          <Message>Assert.AreEqual failed. Expected:&lt;Modify this template to jump-start your ASP.NET MVC application.&gt;. Actual:&lt;(null)&gt;. </Message>
          <StackTrace>   at CallSite.Target(Closure , CallSite , Type , String , Object )
   at System.Dynamic.UpdateDelegates.UpdateAndExecuteVoid3[T0,T1,T2](CallSite site, T0 arg0, T1 arg1, T2 arg2)
   at TheRestaurant.Tests.Controllers.HomeControllerTest.Index() in F:\Works\TheRestaurant\Working\TheRestaurant.Tests\Controllers\HomeControllerTest.cs:line 31
</StackTrace>
        </ErrorInfo>
      </Output>
    </UnitTestResult>
  </Results>
</TestRun>